<?xml version="1.0" encoding="UTF-8"?>
<testng-results skipped="0" failed="0" ignored="0" total="0" passed="0">
  <reporter-output>
  </reporter-output>
  <suite name="Seelenium.Selenium_Cucumber_Demo.AppTest" duration-ms="10" started-at="2018-09-17T05:51:15Z" finished-at="2018-09-17T05:51:15Z">
    <groups>
    </groups>
    <test name="Command line test" duration-ms="10" started-at="2018-09-17T05:51:15Z" finished-at="2018-09-17T05:51:15Z">
    </test> <!-- Command line test -->
  </suite> <!-- Seelenium.Selenium_Cucumber_Demo.AppTest -->
</testng-results>
